02:33:51 **** Rebuild of configuration 001_BOOTLOADER_First_Project for project EWARM ****
Info: Internal Builder is used for build
arm-atollic-eabi-gcc -c ..\..\Core\Src\system_stm32f4xx.c -mthumb -mcpu=cortex-m4 -mfloat-abi=hard -mfpu=fpv4-sp-d16 -std=gnu11 -DUSE_HAL_DRIVER -DSTM32F429xx -D__ARM8M_BASELINE__=16 -D__ARM7R__=7 -D__ARM5__=5 -D__ARM4TM__=4 -D__ARM8M_MAINLINE__=17 -D__ARM7M__=7 -D__ARM6SM__=12 -D__ARM7__=7 -D__ARM7EM__=13 -D__CORE__=__ARM7EM__ -I../../Core/Inc -I../../Drivers/STM32F4xx_HAL_Driver/Inc -I../../Drivers/STM32F4xx_HAL_Driver/Inc/Legacy -I../../Drivers/CMSIS/Device/ST/STM32F4xx/Include -I../../Drivers/CMSIS/Include -Os -ffunction-sections -fdata-sections -g -fstack-usage -Wall -specs=nano.specs -o Drivers\CMSIS\system_stm32f4xx.o 
arm-atollic-eabi-gcc -c ..\..\Drivers\STM32F4xx_HAL_Driver\Src\stm32f4xx_hal_flash_ex.c -mthumb -mcpu=cortex-m4 -mfloat-abi=hard -mfpu=fpv4-sp-d16 -std=gnu11 -DUSE_HAL_DRIVER -DSTM32F429xx -D__ARM8M_BASELINE__=16 -D__ARM7R__=7 -D__ARM5__=5 -D__ARM4TM__=4 -D__ARM8M_MAINLINE__=17 -D__ARM7M__=7 -D__ARM6SM__=12 -D__ARM7__=7 -D__ARM7EM__=13 -D__CORE__=__ARM7EM__ -I../../Core/Inc -I../../Drivers/STM32F4xx_HAL_Driver/Inc -I../../Drivers/STM32F4xx_HAL_Driver/Inc/Legacy -I../../Drivers/CMSIS/Device/ST/STM32F4xx/Include -I../../Drivers/CMSIS/Include -Os -ffunction-sections -fdata-sections -g -fstack-usage -Wall -specs=nano.specs -o Drivers\STM32F4xx_HAL_Driver\stm32f4xx_hal_flash_ex.o 
arm-atollic-eabi-gcc -c ..\..\Drivers\STM32F4xx_HAL_Driver\Src\stm32f4xx_hal_pwr_ex.c -mthumb -mcpu=cortex-m4 -mfloat-abi=hard -mfpu=fpv4-sp-d16 -std=gnu11 -DUSE_HAL_DRIVER -DSTM32F429xx -D__ARM8M_BASELINE__=16 -D__ARM7R__=7 -D__ARM5__=5 -D__ARM4TM__=4 -D__ARM8M_MAINLINE__=17 -D__ARM7M__=7 -D__ARM6SM__=12 -D__ARM7__=7 -D__ARM7EM__=13 -D__CORE__=__ARM7EM__ -I../../Core/Inc -I../../Drivers/STM32F4xx_HAL_Driver/Inc -I../../Drivers/STM32F4xx_HAL_Driver/Inc/Legacy -I../../Drivers/CMSIS/Device/ST/STM32F4xx/Include -I../../Drivers/CMSIS/Include -Os -ffunction-sections -fdata-sections -g -fstack-usage -Wall -specs=nano.specs -o Drivers\STM32F4xx_HAL_Driver\stm32f4xx_hal_pwr_ex.o 
arm-atollic-eabi-gcc -c ..\..\Drivers\STM32F4xx_HAL_Driver\Src\stm32f4xx_hal_rcc.c -mthumb -mcpu=cortex-m4 -mfloat-abi=hard -mfpu=fpv4-sp-d16 -std=gnu11 -DUSE_HAL_DRIVER -DSTM32F429xx -D__ARM8M_BASELINE__=16 -D__ARM7R__=7 -D__ARM5__=5 -D__ARM4TM__=4 -D__ARM8M_MAINLINE__=17 -D__ARM7M__=7 -D__ARM6SM__=12 -D__ARM7__=7 -D__ARM7EM__=13 -D__CORE__=__ARM7EM__ -I../../Core/Inc -I../../Drivers/STM32F4xx_HAL_Driver/Inc -I../../Drivers/STM32F4xx_HAL_Driver/Inc/Legacy -I../../Drivers/CMSIS/Device/ST/STM32F4xx/Include -I../../Drivers/CMSIS/Include -Os -ffunction-sections -fdata-sections -g -fstack-usage -Wall -specs=nano.specs -o Drivers\STM32F4xx_HAL_Driver\stm32f4xx_hal_rcc.o 
arm-atollic-eabi-gcc -c ..\..\Core\Src\main.c -mthumb -mcpu=cortex-m4 -mfloat-abi=hard -mfpu=fpv4-sp-d16 -std=gnu11 -DUSE_HAL_DRIVER -DSTM32F429xx -D__ARM8M_BASELINE__=16 -D__ARM7R__=7 -D__ARM5__=5 -D__ARM4TM__=4 -D__ARM8M_MAINLINE__=17 -D__ARM7M__=7 -D__ARM6SM__=12 -D__ARM7__=7 -D__ARM7EM__=13 -D__CORE__=__ARM7EM__ -I../../Core/Inc -I../../Drivers/STM32F4xx_HAL_Driver/Inc -I../../Drivers/STM32F4xx_HAL_Driver/Inc/Legacy -I../../Drivers/CMSIS/Device/ST/STM32F4xx/Include -I../../Drivers/CMSIS/Include -Os -ffunction-sections -fdata-sections -g -fstack-usage -Wall -specs=nano.specs -o Application\User\Core\main.o 
arm-atollic-eabi-gcc -c ..\..\Core\Src\stm32f4xx_hal_msp.c -mthumb -mcpu=cortex-m4 -mfloat-abi=hard -mfpu=fpv4-sp-d16 -std=gnu11 -DUSE_HAL_DRIVER -DSTM32F429xx -D__ARM8M_BASELINE__=16 -D__ARM7R__=7 -D__ARM5__=5 -D__ARM4TM__=4 -D__ARM8M_MAINLINE__=17 -D__ARM7M__=7 -D__ARM6SM__=12 -D__ARM7__=7 -D__ARM7EM__=13 -D__CORE__=__ARM7EM__ -I../../Core/Inc -I../../Drivers/STM32F4xx_HAL_Driver/Inc -I../../Drivers/STM32F4xx_HAL_Driver/Inc/Legacy -I../../Drivers/CMSIS/Device/ST/STM32F4xx/Include -I../../Drivers/CMSIS/Include -Os -ffunction-sections -fdata-sections -g -fstack-usage -Wall -specs=nano.specs -o Application\User\Core\stm32f4xx_hal_msp.o 
arm-atollic-eabi-gcc -c ..\..\Drivers\STM32F4xx_HAL_Driver\Src\stm32f4xx_hal_dma.c -mthumb -mcpu=cortex-m4 -mfloat-abi=hard -mfpu=fpv4-sp-d16 -std=gnu11 -DUSE_HAL_DRIVER -DSTM32F429xx -D__ARM8M_BASELINE__=16 -D__ARM7R__=7 -D__ARM5__=5 -D__ARM4TM__=4 -D__ARM8M_MAINLINE__=17 -D__ARM7M__=7 -D__ARM6SM__=12 -D__ARM7__=7 -D__ARM7EM__=13 -D__CORE__=__ARM7EM__ -I../../Core/Inc -I../../Drivers/STM32F4xx_HAL_Driver/Inc -I../../Drivers/STM32F4xx_HAL_Driver/Inc/Legacy -I../../Drivers/CMSIS/Device/ST/STM32F4xx/Include -I../../Drivers/CMSIS/Include -Os -ffunction-sections -fdata-sections -g -fstack-usage -Wall -specs=nano.specs -o Drivers\STM32F4xx_HAL_Driver\stm32f4xx_hal_dma.o 
arm-atollic-eabi-gcc -c ..\..\Drivers\STM32F4xx_HAL_Driver\Src\stm32f4xx_hal_dma_ex.c -mthumb -mcpu=cortex-m4 -mfloat-abi=hard -mfpu=fpv4-sp-d16 -std=gnu11 -DUSE_HAL_DRIVER -DSTM32F429xx -D__ARM8M_BASELINE__=16 -D__ARM7R__=7 -D__ARM5__=5 -D__ARM4TM__=4 -D__ARM8M_MAINLINE__=17 -D__ARM7M__=7 -D__ARM6SM__=12 -D__ARM7__=7 -D__ARM7EM__=13 -D__CORE__=__ARM7EM__ -I../../Core/Inc -I../../Drivers/STM32F4xx_HAL_Driver/Inc -I../../Drivers/STM32F4xx_HAL_Driver/Inc/Legacy -I../../Drivers/CMSIS/Device/ST/STM32F4xx/Include -I../../Drivers/CMSIS/Include -Os -ffunction-sections -fdata-sections -g -fstack-usage -Wall -specs=nano.specs -o Drivers\STM32F4xx_HAL_Driver\stm32f4xx_hal_dma_ex.o 
arm-atollic-eabi-gcc -c ..\..\Drivers\STM32F4xx_HAL_Driver\Src\stm32f4xx_hal_tim_ex.c -mthumb -mcpu=cortex-m4 -mfloat-abi=hard -mfpu=fpv4-sp-d16 -std=gnu11 -DUSE_HAL_DRIVER -DSTM32F429xx -D__ARM8M_BASELINE__=16 -D__ARM7R__=7 -D__ARM5__=5 -D__ARM4TM__=4 -D__ARM8M_MAINLINE__=17 -D__ARM7M__=7 -D__ARM6SM__=12 -D__ARM7__=7 -D__ARM7EM__=13 -D__CORE__=__ARM7EM__ -I../../Core/Inc -I../../Drivers/STM32F4xx_HAL_Driver/Inc -I../../Drivers/STM32F4xx_HAL_Driver/Inc/Legacy -I../../Drivers/CMSIS/Device/ST/STM32F4xx/Include -I../../Drivers/CMSIS/Include -Os -ffunction-sections -fdata-sections -g -fstack-usage -Wall -specs=nano.specs -o Drivers\STM32F4xx_HAL_Driver\stm32f4xx_hal_tim_ex.o 
arm-atollic-eabi-gcc -c ..\..\Drivers\STM32F4xx_HAL_Driver\Src\stm32f4xx_hal_cortex.c -mthumb -mcpu=cortex-m4 -mfloat-abi=hard -mfpu=fpv4-sp-d16 -std=gnu11 -DUSE_HAL_DRIVER -DSTM32F429xx -D__ARM8M_BASELINE__=16 -D__ARM7R__=7 -D__ARM5__=5 -D__ARM4TM__=4 -D__ARM8M_MAINLINE__=17 -D__ARM7M__=7 -D__ARM6SM__=12 -D__ARM7__=7 -D__ARM7EM__=13 -D__CORE__=__ARM7EM__ -I../../Core/Inc -I../../Drivers/STM32F4xx_HAL_Driver/Inc -I../../Drivers/STM32F4xx_HAL_Driver/Inc/Legacy -I../../Drivers/CMSIS/Device/ST/STM32F4xx/Include -I../../Drivers/CMSIS/Include -Os -ffunction-sections -fdata-sections -g -fstack-usage -Wall -specs=nano.specs -o Drivers\STM32F4xx_HAL_Driver\stm32f4xx_hal_cortex.o 
arm-atollic-eabi-gcc -c ..\..\Drivers\STM32F4xx_HAL_Driver\Src\stm32f4xx_hal_gpio.c -mthumb -mcpu=cortex-m4 -mfloat-abi=hard -mfpu=fpv4-sp-d16 -std=gnu11 -DUSE_HAL_DRIVER -DSTM32F429xx -D__ARM8M_BASELINE__=16 -D__ARM7R__=7 -D__ARM5__=5 -D__ARM4TM__=4 -D__ARM8M_MAINLINE__=17 -D__ARM7M__=7 -D__ARM6SM__=12 -D__ARM7__=7 -D__ARM7EM__=13 -D__CORE__=__ARM7EM__ -I../../Core/Inc -I../../Drivers/STM32F4xx_HAL_Driver/Inc -I../../Drivers/STM32F4xx_HAL_Driver/Inc/Legacy -I../../Drivers/CMSIS/Device/ST/STM32F4xx/Include -I../../Drivers/CMSIS/Include -Os -ffunction-sections -fdata-sections -g -fstack-usage -Wall -specs=nano.specs -o Drivers\STM32F4xx_HAL_Driver\stm32f4xx_hal_gpio.o 
arm-atollic-eabi-gcc -c ..\..\Drivers\STM32F4xx_HAL_Driver\Src\stm32f4xx_hal_uart.c -mthumb -mcpu=cortex-m4 -mfloat-abi=hard -mfpu=fpv4-sp-d16 -std=gnu11 -DUSE_HAL_DRIVER -DSTM32F429xx -D__ARM8M_BASELINE__=16 -D__ARM7R__=7 -D__ARM5__=5 -D__ARM4TM__=4 -D__ARM8M_MAINLINE__=17 -D__ARM7M__=7 -D__ARM6SM__=12 -D__ARM7__=7 -D__ARM7EM__=13 -D__CORE__=__ARM7EM__ -I../../Core/Inc -I../../Drivers/STM32F4xx_HAL_Driver/Inc -I../../Drivers/STM32F4xx_HAL_Driver/Inc/Legacy -I../../Drivers/CMSIS/Device/ST/STM32F4xx/Include -I../../Drivers/CMSIS/Include -Os -ffunction-sections -fdata-sections -g -fstack-usage -Wall -specs=nano.specs -o Drivers\STM32F4xx_HAL_Driver\stm32f4xx_hal_uart.o 
arm-atollic-eabi-gcc -c ..\..\Drivers\STM32F4xx_HAL_Driver\Src\stm32f4xx_hal_flash.c -mthumb -mcpu=cortex-m4 -mfloat-abi=hard -mfpu=fpv4-sp-d16 -std=gnu11 -DUSE_HAL_DRIVER -DSTM32F429xx -D__ARM8M_BASELINE__=16 -D__ARM7R__=7 -D__ARM5__=5 -D__ARM4TM__=4 -D__ARM8M_MAINLINE__=17 -D__ARM7M__=7 -D__ARM6SM__=12 -D__ARM7__=7 -D__ARM7EM__=13 -D__CORE__=__ARM7EM__ -I../../Core/Inc -I../../Drivers/STM32F4xx_HAL_Driver/Inc -I../../Drivers/STM32F4xx_HAL_Driver/Inc/Legacy -I../../Drivers/CMSIS/Device/ST/STM32F4xx/Include -I../../Drivers/CMSIS/Include -Os -ffunction-sections -fdata-sections -g -fstack-usage -Wall -specs=nano.specs -o Drivers\STM32F4xx_HAL_Driver\stm32f4xx_hal_flash.o 
arm-atollic-eabi-gcc -c ..\..\Drivers\STM32F4xx_HAL_Driver\Src\stm32f4xx_hal.c -mthumb -mcpu=cortex-m4 -mfloat-abi=hard -mfpu=fpv4-sp-d16 -std=gnu11 -DUSE_HAL_DRIVER -DSTM32F429xx -D__ARM8M_BASELINE__=16 -D__ARM7R__=7 -D__ARM5__=5 -D__ARM4TM__=4 -D__ARM8M_MAINLINE__=17 -D__ARM7M__=7 -D__ARM6SM__=12 -D__ARM7__=7 -D__ARM7EM__=13 -D__CORE__=__ARM7EM__ -I../../Core/Inc -I../../Drivers/STM32F4xx_HAL_Driver/Inc -I../../Drivers/STM32F4xx_HAL_Driver/Inc/Legacy -I../../Drivers/CMSIS/Device/ST/STM32F4xx/Include -I../../Drivers/CMSIS/Include -Os -ffunction-sections -fdata-sections -g -fstack-usage -Wall -specs=nano.specs -o Drivers\STM32F4xx_HAL_Driver\stm32f4xx_hal.o 
arm-atollic-eabi-gcc -c -mthumb -mcpu=cortex-m4 -mfloat-abi=hard -mfpu=fpv4-sp-d16 -DUSE_HAL_DRIVER -DSTM32F429xx -D__ARM8M_BASELINE__=16 -D__ARM7R__=7 -D__ARM5__=5 -D__ARM4TM__=4 -D__ARM8M_MAINLINE__=17 -D__ARM7M__=7 -D__ARM6SM__=12 -D__ARM7__=7 -D__ARM7EM__=13 -D__CORE__=__ARM7EM__ -I../../Core/Inc -I../../Drivers/STM32F4xx_HAL_Driver/Inc -I../../Drivers/STM32F4xx_HAL_Driver/Inc/Legacy -I../../Drivers/CMSIS/Device/ST/STM32F4xx/Include -I../../Drivers/CMSIS/Include -g -Wa,--warn -x assembler-with-cpp -specs=nano.specs -o startup_stm32f429xx.o ..\startup_stm32f429xx.s 
..\startup_stm32f429xx.s: Assembler messages:
..\startup_stm32f429xx.s:1: Error: junk at end of line, first unrecognized character is `*'
..\startup_stm32f429xx.s:2: Error: junk at end of line, first unrecognized character is `*'
..\startup_stm32f429xx.s:3: Error: junk at end of line, first unrecognized character is `*'
..\startup_stm32f429xx.s:4: Error: junk at end of line, first unrecognized character is `*'
..\startup_stm32f429xx.s:5: Error: junk at end of line, first unrecognized character is `*'
..\startup_stm32f429xx.s:6: Error: junk at end of line, first unrecognized character is `*'
..\startup_stm32f429xx.s:7: Error: junk at end of line, first unrecognized character is `*'
..\startup_stm32f429xx.s:8: Error: junk at end of line, first unrecognized character is `*'
..\startup_stm32f429xx.s:9: Error: junk at end of line, first unrecognized character is `*'
..\startup_stm32f429xx.s:10: Error: junk at end of line, first unrecognized character is `*'
..\startup_stm32f429xx.s:11: Error: junk at end of line, first unrecognized character is `*'
..\startup_stm32f429xx.s:12: Error: junk at end of line, first unrecognized character is `*'
..\startup_stm32f429xx.s:13: Error: junk at end of line, first unrecognized character is `*'
..\startup_stm32f429xx.s:14: Error: junk at end of line, first unrecognized character is `*'
..\startup_stm32f429xx.s:15: Error: junk at end of line, first unrecognized character is `*'
..\startup_stm32f429xx.s:16: Error: junk at end of line, first unrecognized character is `*'
..\startup_stm32f429xx.s:17: Error: junk at end of line, first unrecognized character is `*'
..\startup_stm32f429xx.s:18: Error: junk at end of line, first unrecognized character is `*'
..\startup_stm32f429xx.s:19: Error: junk at end of line, first unrecognized character is `*'
..\startup_stm32f429xx.s:20: Error: junk at end of line, first unrecognized character is `*'
..\startup_stm32f429xx.s:21: Error: junk at end of line, first unrecognized character is `*'
..\startup_stm32f429xx.s:22: Error: junk at end of line, first unrecognized character is `*'
..\startup_stm32f429xx.s:23: Error: junk at end of line, first unrecognized character is `*'
..\startup_stm32f429xx.s:24: Error: junk at end of line, first unrecognized character is `*'
..\startup_stm32f429xx.s:27: Error: bad instruction `the modules in this file are included in the libraries,and may be replaced'
..\startup_stm32f429xx.s:28: Error: bad instruction `by any user-defined modules that define the PUBLIC symbol _program_start or'
..\startup_stm32f429xx.s:29: Error: bad instruction `a user defined start symbol.'
..\startup_stm32f429xx.s:30: Error: bad instruction `to override the cstartup defined in the library,simply add your modified'
..\startup_stm32f429xx.s:31: Error: bad instruction `version to the workbench project.'
..\startup_stm32f429xx.s:33: Error: bad instruction `the vector table is normally located at address 0.'
..\startup_stm32f429xx.s:34: Error: bad instruction `when debugging in RAM,it can be located in RAM,aligned to at least 2^6.'
..\startup_stm32f429xx.s:35: Error: bad instruction `the name "__vector_table"has special meaning for C-SPY:'
..\startup_stm32f429xx.s:36: Error: condition required -- `it is where the SP start value is found,and the NVIC vector'
..\startup_stm32f429xx.s:37: Error: bad instruction `table register(VTOR)is initialized to this address if!=0.'
..\startup_stm32f429xx.s:39: Error: bad instruction `cortex-M version'
..\startup_stm32f429xx.s:42: Error: bad instruction `module ?cstartup'
..\startup_stm32f429xx.s:44: Error: bad instruction `forward declaration of sections.'
..\startup_stm32f429xx.s:45: Error: bad instruction `section CSTACK:DATA:NOROOT(3)'
..\startup_stm32f429xx.s:47: Error: bad instruction `section .intvec:CODE:NOROOT(2)'
..\startup_stm32f429xx.s:49: Error: bad instruction `extern __iar_program_start'
..\startup_stm32f429xx.s:50: Error: bad instruction `extern SystemInit'
..\startup_stm32f429xx.s:51: Error: bad instruction `public __vector_table'
..\startup_stm32f429xx.s:53: Error: bad instruction `data'
..\startup_stm32f429xx.s:54: Error: bad instruction `__vector_table'
..\startup_stm32f429xx.s:55: Error: bad instruction `dcd sfe(CSTACK)'
..\startup_stm32f429xx.s:56: Error: bad instruction `dcd Reset_Handler'
..\startup_stm32f429xx.s:56: Error: bad instruction `reset Handler'
..\startup_stm32f429xx.s:58: Error: bad instruction `dcd NMI_Handler'
..\startup_stm32f429xx.s:58: Error: bad instruction `nmi Handler'
..\startup_stm32f429xx.s:59: Error: bad instruction `dcd HardFault_Handler'
..\startup_stm32f429xx.s:59: Error: bad instruction `hard Fault Handler'
..\startup_stm32f429xx.s:60: Error: bad instruction `dcd MemManage_Handler'
..\startup_stm32f429xx.s:60: Error: bad instruction `mpu Fault Handler'
..\startup_stm32f429xx.s:61: Error: bad instruction `dcd BusFault_Handler'
..\startup_stm32f429xx.s:61: Error: bad instruction `bus Fault Handler'
..\startup_stm32f429xx.s:62: Error: bad instruction `dcd UsageFault_Handler'
..\startup_stm32f429xx.s:62: Error: bad instruction `usage Fault Handler'
..\startup_stm32f429xx.s:63: Error: bad instruction `dcd 0'
..\startup_stm32f429xx.s:63: Error: bad instruction `reserved'
..\startup_stm32f429xx.s:64: Error: bad instruction `dcd 0'
..\startup_stm32f429xx.s:64: Error: bad instruction `reserved'
..\startup_stm32f429xx.s:65: Error: bad instruction `dcd 0'
..\startup_stm32f429xx.s:65: Error: bad instruction `reserved'
..\startup_stm32f429xx.s:66: Error: bad instruction `dcd 0'
..\startup_stm32f429xx.s:66: Error: bad instruction `reserved'
..\startup_stm32f429xx.s:67: Error: bad instruction `dcd SVC_Handler'
..\startup_stm32f429xx.s:67: Error: bad instruction `svcall Handler'
..\startup_stm32f429xx.s:68: Error: bad instruction `dcd DebugMon_Handler'
..\startup_stm32f429xx.s:68: Error: bad instruction `debug Monitor Handler'
..\startup_stm32f429xx.s:69: Error: bad instruction `dcd 0'
..\startup_stm32f429xx.s:69: Error: bad instruction `reserved'
..\startup_stm32f429xx.s:70: Error: bad instruction `dcd PendSV_Handler'
..\startup_stm32f429xx.s:70: Error: bad instruction `pendsv Handler'
..\startup_stm32f429xx.s:71: Error: bad instruction `dcd SysTick_Handler'
..\startup_stm32f429xx.s:71: Error: bad instruction `systick Handler'
..\startup_stm32f429xx.s:73: Error: bad instruction `external Interrupts'
..\startup_stm32f429xx.s:74: Error: bad instruction `dcd WWDG_IRQHandler'
..\startup_stm32f429xx.s:74: Error: bad instruction `window WatchDog'
..\startup_stm32f429xx.s:75: Error: bad instruction `dcd PVD_IRQHandler'
..\startup_stm32f429xx.s:75: Error: bad instruction `pvd through EXTI Line detection'
..\startup_stm32f429xx.s:76: Error: bad instruction `dcd TAMP_STAMP_IRQHandler'
..\startup_stm32f429xx.s:76: Error: bad instruction `tamper and TimeStamps through the EXTI line'
..\startup_stm32f429xx.s:77: Error: bad instruction `dcd RTC_WKUP_IRQHandler'
..\startup_stm32f429xx.s:77: Error: bad instruction `rtc Wakeup through the EXTI line'
..\startup_stm32f429xx.s:78: Error: bad instruction `dcd FLASH_IRQHandler'
..\startup_stm32f429xx.s:78: Error: bad instruction `flash'
..\startup_stm32f429xx.s:79: Error: bad instruction `dcd RCC_IRQHandler'
..\startup_stm32f429xx.s:79: Error: bad instruction `rcc'
..\startup_stm32f429xx.s:80: Error: bad instruction `dcd EXTI0_IRQHandler'
..\startup_stm32f429xx.s:80: Error: bad instruction `exti Line0'
..\startup_stm32f429xx.s:81: Error: bad instruction `dcd EXTI1_IRQHandler'
..\startup_stm32f429xx.s:81: Error: bad instruction `exti Line1'
..\startup_stm32f429xx.s:82: Error: bad instruction `dcd EXTI2_IRQHandler'
..\startup_stm32f429xx.s:82: Error: bad instruction `exti Line2'
..\startup_stm32f429xx.s:83: Error: bad instruction `dcd EXTI3_IRQHandler'
..\startup_stm32f429xx.s:83: Error: bad instruction `exti Line3'
..\startup_stm32f429xx.s:84: Error: bad instruction `dcd EXTI4_IRQHandler'
..\startup_stm32f429xx.s:84: Error: bad instruction `exti Line4'
..\startup_stm32f429xx.s:85: Error: bad instruction `dcd DMA1_Stream0_IRQHandler'
..\startup_stm32f429xx.s:85: Error: bad instruction `dma1 Stream 0'
..\startup_stm32f429xx.s:86: Error: bad instruction `dcd DMA1_Stream1_IRQHandler'
..\startup_stm32f429xx.s:86: Error: bad instruction `dma1 Stream 1'
..\startup_stm32f429xx.s:87: Error: bad instruction `dcd DMA1_Stream2_IRQHandler'
..\startup_stm32f429xx.s:87: Error: bad instruction `dma1 Stream 2'
..\startup_stm32f429xx.s:88: Error: bad instruction `dcd DMA1_Stream3_IRQHandler'
..\startup_stm32f429xx.s:88: Error: bad instruction `dma1 Stream 3'
..\startup_stm32f429xx.s:89: Error: bad instruction `dcd DMA1_Stream4_IRQHandler'
..\startup_stm32f429xx.s:89: Error: bad instruction `dma1 Stream 4'
..\startup_stm32f429xx.s:90: Error: bad instruction `dcd DMA1_Stream5_IRQHandler'
..\startup_stm32f429xx.s:90: Error: bad instruction `dma1 Stream 5'
..\startup_stm32f429xx.s:91: Error: bad instruction `dcd DMA1_Stream6_IRQHandler'
..\startup_stm32f429xx.s:91: Error: bad instruction `dma1 Stream 6'
..\startup_stm32f429xx.s:92: Error: bad instruction `dcd ADC_IRQHandler'
..\startup_stm32f429xx.s:92: Error: bad instruction `adc1, ADC2 and ADC3s'
..\startup_stm32f429xx.s:93: Error: bad instruction `dcd CAN1_TX_IRQHandler'
..\startup_stm32f429xx.s:93: Error: bad instruction `can1 TX'
..\startup_stm32f429xx.s:94: Error: bad instruction `dcd CAN1_RX0_IRQHandler'
..\startup_stm32f429xx.s:94: Error: bad instruction `can1 RX0'
..\startup_stm32f429xx.s:95: Error: bad instruction `dcd CAN1_RX1_IRQHandler'
..\startup_stm32f429xx.s:95: Error: bad instruction `can1 RX1'
..\startup_stm32f429xx.s:96: Error: bad instruction `dcd CAN1_SCE_IRQHandler'
..\startup_stm32f429xx.s:96: Error: bad instruction `can1 SCE'
..\startup_stm32f429xx.s:97: Error: bad instruction `dcd EXTI9_5_IRQHandler'
..\startup_stm32f429xx.s:97: Error: bad instruction `external Line[9:5]s'
..\startup_stm32f429xx.s:98: Error: bad instruction `dcd TIM1_BRK_TIM9_IRQHandler'
..\startup_stm32f429xx.s:98: Error: bad instruction `tim1 Break and TIM9'
..\startup_stm32f429xx.s:99: Error: bad instruction `dcd TIM1_UP_TIM10_IRQHandler'
..\startup_stm32f429xx.s:99: Error: bad instruction `tim1 Update and TIM10'
..\startup_stm32f429xx.s:100: Error: bad instruction `dcd TIM1_TRG_COM_TIM11_IRQHandler'
..\startup_stm32f429xx.s:100: Error: bad instruction `tim1 Trigger and Commutation and TIM11'
..\startup_stm32f429xx.s:101: Error: bad instruction `dcd TIM1_CC_IRQHandler'
..\startup_stm32f429xx.s:101: Error: bad instruction `tim1 Capture Compare'
..\startup_stm32f429xx.s:102: Error: bad instruction `dcd TIM2_IRQHandler'
..\startup_stm32f429xx.s:102: Error: bad instruction `tim2'
..\startup_stm32f429xx.s:103: Error: bad instruction `dcd TIM3_IRQHandler'
..\startup_stm32f429xx.s:103: Error: bad instruction `tim3'
..\startup_stm32f429xx.s:104: Error: bad instruction `dcd TIM4_IRQHandler'
..\startup_stm32f429xx.s:104: Error: bad instruction `tim4'
..\startup_stm32f429xx.s:105: Error: bad instruction `dcd I2C1_EV_IRQHandler'
..\startup_stm32f429xx.s:105: Error: bad instruction `i2c1 Event'
..\startup_stm32f429xx.s:106: Error: bad instruction `dcd I2C1_ER_IRQHandler'
..\startup_stm32f429xx.s:106: Error: bad instruction `i2c1 Error'
..\startup_stm32f429xx.s:107: Error: bad instruction `dcd I2C2_EV_IRQHandler'
..\startup_stm32f429xx.s:107: Error: bad instruction `i2c2 Event'
..\startup_stm32f429xx.s:108: Error: bad instruction `dcd I2C2_ER_IRQHandler'
..\startup_stm32f429xx.s:108: Error: bad instruction `i2c2 Error'
..\startup_stm32f429xx.s:109: Error: bad instruction `dcd SPI1_IRQHandler'
..\startup_stm32f429xx.s:109: Error: bad instruction `spi1'
..\startup_stm32f429xx.s:110: Error: bad instruction `dcd SPI2_IRQHandler'
..\startup_stm32f429xx.s:110: Error: bad instruction `spi2'
..\startup_stm32f429xx.s:111: Error: bad instruction `dcd USART1_IRQHandler'
..\startup_stm32f429xx.s:111: Error: bad instruction `usart1'
..\startup_stm32f429xx.s:112: Error: bad instruction `dcd USART2_IRQHandler'
..\startup_stm32f429xx.s:112: Error: bad instruction `usart2'
..\startup_stm32f429xx.s:113: Error: bad instruction `dcd USART3_IRQHandler'
..\startup_stm32f429xx.s:113: Error: bad instruction `usart3'
..\startup_stm32f429xx.s:114: Error: bad instruction `dcd EXTI15_10_IRQHandler'
..\startup_stm32f429xx.s:114: Error: bad instruction `external Line[15:10]s'
..\startup_stm32f429xx.s:115: Error: bad instruction `dcd RTC_Alarm_IRQHandler'
..\startup_stm32f429xx.s:115: Error: bad instruction `rtc Alarm(A and B)through EXTI Line'
..\startup_stm32f429xx.s:116: Error: bad instruction `dcd OTG_FS_WKUP_IRQHandler'
..\startup_stm32f429xx.s:116: Error: bad instruction `usb OTG FS Wakeup through EXTI line'
..\startup_stm32f429xx.s:117: Error: bad instruction `dcd TIM8_BRK_TIM12_IRQHandler'
..\startup_stm32f429xx.s:117: Error: bad instruction `tim8 Break and TIM12'
..\startup_stm32f429xx.s:118: Error: bad instruction `dcd TIM8_UP_TIM13_IRQHandler'
..\startup_stm32f429xx.s:118: Error: bad instruction `tim8 Update and TIM13'
..\startup_stm32f429xx.s:119: Error: bad instruction `dcd TIM8_TRG_COM_TIM14_IRQHandler'
..\startup_stm32f429xx.s:119: Error: bad instruction `tim8 Trigger and Commutation and TIM14'
..\startup_stm32f429xx.s:120: Error: bad instruction `dcd TIM8_CC_IRQHandler'
..\startup_stm32f429xx.s:120: Error: bad instruction `tim8 Capture Compare'
..\startup_stm32f429xx.s:121: Error: bad instruction `dcd DMA1_Stream7_IRQHandler'
..\startup_stm32f429xx.s:121: Error: bad instruction `dma1 Stream7'
..\startup_stm32f429xx.s:122: Error: bad instruction `dcd FMC_IRQHandler'
..\startup_stm32f429xx.s:122: Error: bad instruction `fmc'
..\startup_stm32f429xx.s:123: Error: bad instruction `dcd SDIO_IRQHandler'
..\startup_stm32f429xx.s:123: Error: bad instruction `sdio'
..\startup_stm32f429xx.s:124: Error: bad instruction `dcd TIM5_IRQHandler'
..\startup_stm32f429xx.s:124: Error: bad instruction `tim5'
..\startup_stm32f429xx.s:125: Error: bad instruction `dcd SPI3_IRQHandler'
..\startup_stm32f429xx.s:125: Error: bad instruction `spi3'
..\startup_stm32f429xx.s:126: Error: bad instruction `dcd UART4_IRQHandler'
..\startup_stm32f429xx.s:126: Error: bad instruction `uart4'
..\startup_stm32f429xx.s:127: Error: bad instruction `dcd UART5_IRQHandler'
..\startup_stm32f429xx.s:127: Error: bad instruction `uart5'
..\startup_stm32f429xx.s:128: Error: bad instruction `dcd TIM6_DAC_IRQHandler'
..\startup_stm32f429xx.s:128: Error: bad instruction `tim6 and DAC1&2 underrun errors'
..\startup_stm32f429xx.s:129: Error: bad instruction `dcd TIM7_IRQHandler'
..\startup_stm32f429xx.s:129: Error: bad instruction `tim7'
..\startup_stm32f429xx.s:130: Error: bad instruction `dcd DMA2_Stream0_IRQHandler'
..\startup_stm32f429xx.s:130: Error: bad instruction `dma2 Stream 0'
..\startup_stm32f429xx.s:131: Error: bad instruction `dcd DMA2_Stream1_IRQHandler'
..\startup_stm32f429xx.s:131: Error: bad instruction `dma2 Stream 1'
..\startup_stm32f429xx.s:132: Error: bad instruction `dcd DMA2_Stream2_IRQHandler'
..\startup_stm32f429xx.s:132: Error: bad instruction `dma2 Stream 2'
..\startup_stm32f429xx.s:133: Error: bad instruction `dcd DMA2_Stream3_IRQHandler'
..\startup_stm32f429xx.s:133: Error: bad instruction `dma2 Stream 3'
..\startup_stm32f429xx.s:134: Error: bad instruction `dcd DMA2_Stream4_IRQHandler'
..\startup_stm32f429xx.s:134: Error: bad instruction `dma2 Stream 4'
..\startup_stm32f429xx.s:135: Error: bad instruction `dcd ETH_IRQHandler'
..\startup_stm32f429xx.s:135: Error: bad instruction `ethernet'
..\startup_stm32f429xx.s:136: Error: bad instruction `dcd ETH_WKUP_IRQHandler'
..\startup_stm32f429xx.s:136: Error: bad instruction `ethernet Wakeup through EXTI line'
..\startup_stm32f429xx.s:137: Error: bad instruction `dcd CAN2_TX_IRQHandler'
..\startup_stm32f429xx.s:137: Error: bad instruction `can2 TX'
..\startup_stm32f429xx.s:138: Error: bad instruction `dcd CAN2_RX0_IRQHandler'
..\startup_stm32f429xx.s:138: Error: bad instruction `can2 RX0'
..\startup_stm32f429xx.s:139: Error: bad instruction `dcd CAN2_RX1_IRQHandler'
..\startup_stm32f429xx.s:139: Error: bad instruction `can2 RX1'
..\startup_stm32f429xx.s:140: Error: bad instruction `dcd CAN2_SCE_IRQHandler'
..\startup_stm32f429xx.s:140: Error: bad instruction `can2 SCE'
..\startup_stm32f429xx.s:141: Error: bad instruction `dcd OTG_FS_IRQHandler'
..\startup_stm32f429xx.s:141: Error: bad instruction `usb OTG FS'
..\startup_stm32f429xx.s:142: Error: bad instruction `dcd DMA2_Stream5_IRQHandler'
..\startup_stm32f429xx.s:142: Error: bad instruction `dma2 Stream 5'
..\startup_stm32f429xx.s:143: Error: bad instruction `dcd DMA2_Stream6_IRQHandler'
..\startup_stm32f429xx.s:143: Error: bad instruction `dma2 Stream 6'
..\startup_stm32f429xx.s:144: Error: bad instruction `dcd DMA2_Stream7_IRQHandler'
..\startup_stm32f429xx.s:144: Error: bad instruction `dma2 Stream 7'
..\startup_stm32f429xx.s:145: Error: bad instruction `dcd USART6_IRQHandler'
..\startup_stm32f429xx.s:145: Error: bad instruction `usart6'
..\startup_stm32f429xx.s:146: Error: bad instruction `dcd I2C3_EV_IRQHandler'
..\startup_stm32f429xx.s:146: Error: bad instruction `i2c3 event'
..\startup_stm32f429xx.s:147: Error: bad instruction `dcd I2C3_ER_IRQHandler'
..\startup_stm32f429xx.s:147: Error: bad instruction `i2c3 error'
..\startup_stm32f429xx.s:148: Error: bad instruction `dcd OTG_HS_EP1_OUT_IRQHandler'
..\startup_stm32f429xx.s:148: Error: bad instruction `usb OTG HS End Point 1 Out'
..\startup_stm32f429xx.s:149: Error: bad instruction `dcd OTG_HS_EP1_IN_IRQHandler'
..\startup_stm32f429xx.s:149: Error: bad instruction `usb OTG HS End Point 1 In'
..\startup_stm32f429xx.s:150: Error: bad instruction `dcd OTG_HS_WKUP_IRQHandler'
..\startup_stm32f429xx.s:150: Error: bad instruction `usb OTG HS Wakeup through EXTI'
..\startup_stm32f429xx.s:151: Error: bad instruction `dcd OTG_HS_IRQHandler'
..\startup_stm32f429xx.s:151: Error: bad instruction `usb OTG HS'
..\startup_stm32f429xx.s:152: Error: bad instruction `dcd DCMI_IRQHandler'
..\startup_stm32f429xx.s:152: Error: bad instruction `dcmi'
..\startup_stm32f429xx.s:153: Error: bad instruction `dcd 0'
..\startup_stm32f429xx.s:153: Error: bad instruction `reserved'
..\startup_stm32f429xx.s:154: Error: bad instruction `dcd HASH_RNG_IRQHandler'
..\startup_stm32f429xx.s:154: Error: bad instruction `hash and Rng'
..\startup_stm32f429xx.s:155: Error: bad instruction `dcd FPU_IRQHandler'
..\startup_stm32f429xx.s:155: Error: bad instruction `fpu'
..\startup_stm32f429xx.s:156: Error: bad instruction `dcd UART7_IRQHandler'
..\startup_stm32f429xx.s:156: Error: bad instruction `uart7'
..\startup_stm32f429xx.s:157: Error: bad instruction `dcd UART8_IRQHandler'
..\startup_stm32f429xx.s:157: Error: bad instruction `uart8'
..\startup_stm32f429xx.s:158: Error: bad instruction `dcd SPI4_IRQHandler'
..\startup_stm32f429xx.s:158: Error: bad instruction `spi4'
..\startup_stm32f429xx.s:159: Error: bad instruction `dcd SPI5_IRQHandler'
..\startup_stm32f429xx.s:159: Error: bad instruction `spi5'
..\startup_stm32f429xx.s:160: Error: bad instruction `dcd SPI6_IRQHandler'
..\startup_stm32f429xx.s:160: Error: bad instruction `spi6'
..\startup_stm32f429xx.s:161: Error: bad instruction `dcd SAI1_IRQHandler'
..\startup_stm32f429xx.s:161: Error: bad instruction `sai1'
..\startup_stm32f429xx.s:162: Error: bad instruction `dcd LTDC_IRQHandler'
..\startup_stm32f429xx.s:162: Error: bad instruction `ltdc'
..\startup_stm32f429xx.s:163: Error: bad instruction `dcd LTDC_ER_IRQHandler'
..\startup_stm32f429xx.s:163: Error: bad instruction `ltdc error'
..\startup_stm32f429xx.s:164: Error: bad instruction `dcd DMA2D_IRQHandler'
..\startup_stm32f429xx.s:164: Error: bad instruction `dma2d'
..\startup_stm32f429xx.s:168: Error: bad instruction `default interrupt handlers.'
..\startup_stm32f429xx.s:170: Error: bad instruction `thumb'
..\startup_stm32f429xx.s:171: Error: bad instruction `pubweak Reset_Handler'
..\startup_stm32f429xx.s:172: Error: bad instruction `section .text:CODE:REORDER:NOROOT(2)'
..\startup_stm32f429xx.s:173: Error: bad instruction `reset_handler'
..\startup_stm32f429xx.s:180: Error: bad instruction `pubweak NMI_Handler'
..\startup_stm32f429xx.s:181: Error: bad instruction `section .text:CODE:REORDER:NOROOT(1)'
..\startup_stm32f429xx.s:182: Error: bad instruction `nmi_handler'
..\startup_stm32f429xx.s:185: Error: bad instruction `pubweak HardFault_Handler'
..\startup_stm32f429xx.s:186: Error: bad instruction `section .text:CODE:REORDER:NOROOT(1)'
..\startup_stm32f429xx.s:187: Error: bad instruction `hardfault_handler'
..\startup_stm32f429xx.s:190: Error: bad instruction `pubweak MemManage_Handler'
..\startup_stm32f429xx.s:191: Error: bad instruction `section .text:CODE:REORDER:NOROOT(1)'
..\startup_stm32f429xx.s:192: Error: bad instruction `memmanage_handler'
..\startup_stm32f429xx.s:195: Error: bad instruction `pubweak BusFault_Handler'
..\startup_stm32f429xx.s:196: Error: bad instruction `section .text:CODE:REORDER:NOROOT(1)'
..\startup_stm32f429xx.s:197: Error: bad instruction `busfault_handler'
..\startup_stm32f429xx.s:200: Error: bad instruction `pubweak UsageFault_Handler'
..\startup_stm32f429xx.s:201: Error: bad instruction `section .text:CODE:REORDER:NOROOT(1)'
..\startup_stm32f429xx.s:202: Error: bad instruction `usagefault_handler'
..\startup_stm32f429xx.s:205: Error: bad instruction `pubweak SVC_Handler'
..\startup_stm32f429xx.s:206: Error: bad instruction `section .text:CODE:REORDER:NOROOT(1)'
..\startup_stm32f429xx.s:207: Error: bad instruction `svc_handler'
..\startup_stm32f429xx.s:210: Error: bad instruction `pubweak DebugMon_Handler'
..\startup_stm32f429xx.s:211: Error: bad instruction `section .text:CODE:REORDER:NOROOT(1)'
..\startup_stm32f429xx.s:212: Error: bad instruction `debugmon_handler'
..\startup_stm32f429xx.s:215: Error: bad instruction `pubweak PendSV_Handler'
..\startup_stm32f429xx.s:216: Error: bad instruction `section .text:CODE:REORDER:NOROOT(1)'
..\startup_stm32f429xx.s:217: Error: bad instruction `pendsv_handler'
..\startup_stm32f429xx.s:220: Error: bad instruction `pubweak SysTick_Handler'
..\startup_stm32f429xx.s:221: Error: bad instruction `section .text:CODE:REORDER:NOROOT(1)'
..\startup_stm32f429xx.s:222: Error: bad instruction `systick_handler'
..\startup_stm32f429xx.s:225: Error: bad instruction `pubweak WWDG_IRQHandler'
..\startup_stm32f429xx.s:226: Error: bad instruction `section .text:CODE:REORDER:NOROOT(1)'
..\startup_stm32f429xx.s:227: Error: bad instruction `wwdg_irqhandler'
..\startup_stm32f429xx.s:230: Error: bad instruction `pubweak PVD_IRQHandler'
..\startup_stm32f429xx.s:231: Error: bad instruction `section .text:CODE:REORDER:NOROOT(1)'
..\startup_stm32f429xx.s:232: Error: bad instruction `pvd_irqhandler'
..\startup_stm32f429xx.s:235: Error: bad instruction `pubweak TAMP_STAMP_IRQHandler'
..\startup_stm32f429xx.s:236: Error: bad instruction `section .text:CODE:REORDER:NOROOT(1)'
..\startup_stm32f429xx.s:237: Error: bad instruction `tamp_stamp_irqhandler'
..\startup_stm32f429xx.s:240: Error: bad instruction `pubweak RTC_WKUP_IRQHandler'
..\startup_stm32f429xx.s:241: Error: bad instruction `section .text:CODE:REORDER:NOROOT(1)'
..\startup_stm32f429xx.s:242: Error: bad instruction `rtc_wkup_irqhandler'
..\startup_stm32f429xx.s:245: Error: bad instruction `pubweak FLASH_IRQHandler'
..\startup_stm32f429xx.s:246: Error: bad instruction `section .text:CODE:REORDER:NOROOT(1)'
..\startup_stm32f429xx.s:247: Error: bad instruction `flash_irqhandler'
..\startup_stm32f429xx.s:250: Error: bad instruction `pubweak RCC_IRQHandler'
..\startup_stm32f429xx.s:251: Error: bad instruction `section .text:CODE:REORDER:NOROOT(1)'
..\startup_stm32f429xx.s:252: Error: bad instruction `rcc_irqhandler'
..\startup_stm32f429xx.s:255: Error: bad instruction `pubweak EXTI0_IRQHandler'
..\startup_stm32f429xx.s:256: Error: bad instruction `section .text:CODE:REORDER:NOROOT(1)'
..\startup_stm32f429xx.s:257: Error: bad instruction `exti0_irqhandler'
..\startup_stm32f429xx.s:260: Error: bad instruction `pubweak EXTI1_IRQHandler'
..\startup_stm32f429xx.s:261: Error: bad instruction `section .text:CODE:REORDER:NOROOT(1)'
..\startup_stm32f429xx.s:262: Error: bad instruction `exti1_irqhandler'
..\startup_stm32f429xx.s:265: Error: bad instruction `pubweak EXTI2_IRQHandler'
..\startup_stm32f429xx.s:266: Error: bad instruction `section .text:CODE:REORDER:NOROOT(1)'
..\startup_stm32f429xx.s:267: Error: bad instruction `exti2_irqhandler'
..\startup_stm32f429xx.s:270: Error: bad instruction `pubweak EXTI3_IRQHandler'
..\startup_stm32f429xx.s:271: Error: bad instruction `section .text:CODE:REORDER:NOROOT(1)'
..\startup_stm32f429xx.s:272: Error: bad instruction `exti3_irqhandler'
..\startup_stm32f429xx.s:275: Error: bad instruction `pubweak EXTI4_IRQHandler'
..\startup_stm32f429xx.s:276: Error: bad instruction `section .text:CODE:REORDER:NOROOT(1)'
..\startup_stm32f429xx.s:277: Error: bad instruction `exti4_irqhandler'
..\startup_stm32f429xx.s:280: Error: bad instruction `pubweak DMA1_Stream0_IRQHandler'
..\startup_stm32f429xx.s:281: Error: bad instruction `section .text:CODE:REORDER:NOROOT(1)'
..\startup_stm32f429xx.s:282: Error: bad instruction `dma1_stream0_irqhandler'
..\startup_stm32f429xx.s:285: Error: bad instruction `pubweak DMA1_Stream1_IRQHandler'
..\startup_stm32f429xx.s:286: Error: bad instruction `section .text:CODE:REORDER:NOROOT(1)'
..\startup_stm32f429xx.s:287: Error: bad instruction `dma1_stream1_irqhandler'
..\startup_stm32f429xx.s:290: Error: bad instruction `pubweak DMA1_Stream2_IRQHandler'
..\startup_stm32f429xx.s:291: Error: bad instruction `section .text:CODE:REORDER:NOROOT(1)'
..\startup_stm32f429xx.s:292: Error: bad instruction `dma1_stream2_irqhandler'
..\startup_stm32f429xx.s:295: Error: bad instruction `pubweak DMA1_Stream3_IRQHandler'
..\startup_stm32f429xx.s:296: Error: bad instruction `section .text:CODE:REORDER:NOROOT(1)'
..\startup_stm32f429xx.s:297: Error: bad instruction `dma1_stream3_irqhandler'
..\startup_stm32f429xx.s:300: Error: bad instruction `pubweak DMA1_Stream4_IRQHandler'
..\startup_stm32f429xx.s:301: Error: bad instruction `section .text:CODE:REORDER:NOROOT(1)'
..\startup_stm32f429xx.s:302: Error: bad instruction `dma1_stream4_irqhandler'
..\startup_stm32f429xx.s:305: Error: bad instruction `pubweak DMA1_Stream5_IRQHandler'
..\startup_stm32f429xx.s:306: Error: bad instruction `section .text:CODE:REORDER:NOROOT(1)'
..\startup_stm32f429xx.s:307: Error: bad instruction `dma1_stream5_irqhandler'
..\startup_stm32f429xx.s:310: Error: bad instruction `pubweak DMA1_Stream6_IRQHandler'
..\startup_stm32f429xx.s:311: Error: bad instruction `section .text:CODE:REORDER:NOROOT(1)'
..\startup_stm32f429xx.s:312: Error: bad instruction `dma1_stream6_irqhandler'
..\startup_stm32f429xx.s:315: Error: bad instruction `pubweak ADC_IRQHandler'
..\startup_stm32f429xx.s:316: Error: bad instruction `section .text:CODE:REORDER:NOROOT(1)'
..\startup_stm32f429xx.s:317: Error: bad instruction `adc_irqhandler'
..\startup_stm32f429xx.s:320: Error: bad instruction `pubweak CAN1_TX_IRQHandler'
..\startup_stm32f429xx.s:321: Error: bad instruction `section .text:CODE:REORDER:NOROOT(1)'
..\startup_stm32f429xx.s:322: Error: bad instruction `can1_tx_irqhandler'
..\startup_stm32f429xx.s:325: Error: bad instruction `pubweak CAN1_RX0_IRQHandler'
..\startup_stm32f429xx.s:326: Error: bad instruction `section .text:CODE:REORDER:NOROOT(1)'
..\startup_stm32f429xx.s:327: Error: bad instruction `can1_rx0_irqhandler'
..\startup_stm32f429xx.s:330: Error: bad instruction `pubweak CAN1_RX1_IRQHandler'
..\startup_stm32f429xx.s:331: Error: bad instruction `section .text:CODE:REORDER:NOROOT(1)'
..\startup_stm32f429xx.s:332: Error: bad instruction `can1_rx1_irqhandler'
..\startup_stm32f429xx.s:335: Error: bad instruction `pubweak CAN1_SCE_IRQHandler'
..\startup_stm32f429xx.s:336: Error: bad instruction `section .text:CODE:REORDER:NOROOT(1)'
..\startup_stm32f429xx.s:337: Error: bad instruction `can1_sce_irqhandler'
..\startup_stm32f429xx.s:340: Error: bad instruction `pubweak EXTI9_5_IRQHandler'
..\startup_stm32f429xx.s:341: Error: bad instruction `section .text:CODE:REORDER:NOROOT(1)'
..\startup_stm32f429xx.s:342: Error: bad instruction `exti9_5_irqhandler'
..\startup_stm32f429xx.s:345: Error: bad instruction `pubweak TIM1_BRK_TIM9_IRQHandler'
..\startup_stm32f429xx.s:346: Error: bad instruction `section .text:CODE:REORDER:NOROOT(1)'
..\startup_stm32f429xx.s:347: Error: bad instruction `tim1_brk_tim9_irqhandler'
..\startup_stm32f429xx.s:350: Error: bad instruction `pubweak TIM1_UP_TIM10_IRQHandler'
..\startup_stm32f429xx.s:351: Error: bad instruction `section .text:CODE:REORDER:NOROOT(1)'
..\startup_stm32f429xx.s:352: Error: bad instruction `tim1_up_tim10_irqhandler'
..\startup_stm32f429xx.s:355: Error: bad instruction `pubweak TIM1_TRG_COM_TIM11_IRQHandler'
..\startup_stm32f429xx.s:356: Error: bad instruction `section .text:CODE:REORDER:NOROOT(1)'
..\startup_stm32f429xx.s:357: Error: bad instruction `tim1_trg_com_tim11_irqhandler'
..\startup_stm32f429xx.s:360: Error: bad instruction `pubweak TIM1_CC_IRQHandler'
..\startup_stm32f429xx.s:361: Error: bad instruction `section .text:CODE:REORDER:NOROOT(1)'
..\startup_stm32f429xx.s:362: Error: bad instruction `tim1_cc_irqhandler'
..\startup_stm32f429xx.s:365: Error: bad instruction `pubweak TIM2_IRQHandler'
..\startup_stm32f429xx.s:366: Error: bad instruction `section .text:CODE:REORDER:NOROOT(1)'
..\startup_stm32f429xx.s:367: Error: bad instruction `tim2_irqhandler'
..\startup_stm32f429xx.s:370: Error: bad instruction `pubweak TIM3_IRQHandler'
..\startup_stm32f429xx.s:371: Error: bad instruction `section .text:CODE:REORDER:NOROOT(1)'
..\startup_stm32f429xx.s:372: Error: bad instruction `tim3_irqhandler'
..\startup_stm32f429xx.s:375: Error: bad instruction `pubweak TIM4_IRQHandler'
..\startup_stm32f429xx.s:376: Error: bad instruction `section .text:CODE:REORDER:NOROOT(1)'
..\startup_stm32f429xx.s:377: Error: bad instruction `tim4_irqhandler'
..\startup_stm32f429xx.s:380: Error: bad instruction `pubweak I2C1_EV_IRQHandler'
..\startup_stm32f429xx.s:381: Error: bad instruction `section .text:CODE:REORDER:NOROOT(1)'
..\startup_stm32f429xx.s:382: Error: bad instruction `i2c1_ev_irqhandler'
..\startup_stm32f429xx.s:385: Error: bad instruction `pubweak I2C1_ER_IRQHandler'
..\startup_stm32f429xx.s:386: Error: bad instruction `section .text:CODE:REORDER:NOROOT(1)'
..\startup_stm32f429xx.s:387: Error: bad instruction `i2c1_er_irqhandler'
..\startup_stm32f429xx.s:390: Error: bad instruction `pubweak I2C2_EV_IRQHandler'
..\startup_stm32f429xx.s:391: Error: bad instruction `section .text:CODE:REORDER:NOROOT(1)'
..\startup_stm32f429xx.s:392: Error: bad instruction `i2c2_ev_irqhandler'
..\startup_stm32f429xx.s:395: Error: bad instruction `pubweak I2C2_ER_IRQHandler'
..\startup_stm32f429xx.s:396: Error: bad instruction `section .text:CODE:REORDER:NOROOT(1)'
..\startup_stm32f429xx.s:397: Error: bad instruction `i2c2_er_irqhandler'
..\startup_stm32f429xx.s:400: Error: bad instruction `pubweak SPI1_IRQHandler'
..\startup_stm32f429xx.s:401: Error: bad instruction `section .text:CODE:REORDER:NOROOT(1)'
..\startup_stm32f429xx.s:402: Error: bad instruction `spi1_irqhandler'
..\startup_stm32f429xx.s:405: Error: bad instruction `pubweak SPI2_IRQHandler'
..\startup_stm32f429xx.s:406: Error: bad instruction `section .text:CODE:REORDER:NOROOT(1)'
..\startup_stm32f429xx.s:407: Error: bad instruction `spi2_irqhandler'
..\startup_stm32f429xx.s:410: Error: bad instruction `pubweak USART1_IRQHandler'
..\startup_stm32f429xx.s:411: Error: bad instruction `section .text:CODE:REORDER:NOROOT(1)'
..\startup_stm32f429xx.s:412: Error: bad instruction `usart1_irqhandler'
..\startup_stm32f429xx.s:415: Error: bad instruction `pubweak USART2_IRQHandler'
..\startup_stm32f429xx.s:416: Error: bad instruction `section .text:CODE:REORDER:NOROOT(1)'
..\startup_stm32f429xx.s:417: Error: bad instruction `usart2_irqhandler'
..\startup_stm32f429xx.s:420: Error: bad instruction `pubweak USART3_IRQHandler'
..\startup_stm32f429xx.s:421: Error: bad instruction `section .text:CODE:REORDER:NOROOT(1)'
..\startup_stm32f429xx.s:422: Error: bad instruction `usart3_irqhandler'
..\startup_stm32f429xx.s:425: Error: bad instruction `pubweak EXTI15_10_IRQHandler'
..\startup_stm32f429xx.s:426: Error: bad instruction `section .text:CODE:REORDER:NOROOT(1)'
..\startup_stm32f429xx.s:427: Error: bad instruction `exti15_10_irqhandler'
..\startup_stm32f429xx.s:430: Error: bad instruction `pubweak RTC_Alarm_IRQHandler'
..\startup_stm32f429xx.s:431: Error: bad instruction `section .text:CODE:REORDER:NOROOT(1)'
..\startup_stm32f429xx.s:432: Error: bad instruction `rtc_alarm_irqhandler'
..\startup_stm32f429xx.s:435: Error: bad instruction `pubweak OTG_FS_WKUP_IRQHandler'
..\startup_stm32f429xx.s:436: Error: bad instruction `section .text:CODE:REORDER:NOROOT(1)'
..\startup_stm32f429xx.s:437: Error: bad instruction `otg_fs_wkup_irqhandler'
..\startup_stm32f429xx.s:440: Error: bad instruction `pubweak TIM8_BRK_TIM12_IRQHandler'
..\startup_stm32f429xx.s:441: Error: bad instruction `section .text:CODE:REORDER:NOROOT(1)'
..\startup_stm32f429xx.s:442: Error: bad instruction `tim8_brk_tim12_irqhandler'
..\startup_stm32f429xx.s:445: Error: bad instruction `pubweak TIM8_UP_TIM13_IRQHandler'
..\startup_stm32f429xx.s:446: Error: bad instruction `section .text:CODE:REORDER:NOROOT(1)'
..\startup_stm32f429xx.s:447: Error: bad instruction `tim8_up_tim13_irqhandler'
..\startup_stm32f429xx.s:450: Error: bad instruction `pubweak TIM8_TRG_COM_TIM14_IRQHandler'
..\startup_stm32f429xx.s:451: Error: bad instruction `section .text:CODE:REORDER:NOROOT(1)'
..\startup_stm32f429xx.s:452: Error: bad instruction `tim8_trg_com_tim14_irqhandler'
..\startup_stm32f429xx.s:455: Error: bad instruction `pubweak TIM8_CC_IRQHandler'
..\startup_stm32f429xx.s:456: Error: bad instruction `section .text:CODE:REORDER:NOROOT(1)'
..\startup_stm32f429xx.s:457: Error: bad instruction `tim8_cc_irqhandler'
..\startup_stm32f429xx.s:460: Error: bad instruction `pubweak DMA1_Stream7_IRQHandler'
..\startup_stm32f429xx.s:461: Error: bad instruction `section .text:CODE:REORDER:NOROOT(1)'
..\startup_stm32f429xx.s:462: Error: bad instruction `dma1_stream7_irqhandler'
..\startup_stm32f429xx.s:465: Error: bad instruction `pubweak FMC_IRQHandler'
..\startup_stm32f429xx.s:466: Error: bad instruction `section .text:CODE:REORDER:NOROOT(1)'
..\startup_stm32f429xx.s:467: Error: bad instruction `fmc_irqhandler'
..\startup_stm32f429xx.s:470: Error: bad instruction `pubweak SDIO_IRQHandler'
..\startup_stm32f429xx.s:471: Error: bad instruction `section .text:CODE:REORDER:NOROOT(1)'
..\startup_stm32f429xx.s:472: Error: bad instruction `sdio_irqhandler'
..\startup_stm32f429xx.s:475: Error: bad instruction `pubweak TIM5_IRQHandler'
..\startup_stm32f429xx.s:476: Error: bad instruction `section .text:CODE:REORDER:NOROOT(1)'
..\startup_stm32f429xx.s:477: Error: bad instruction `tim5_irqhandler'
..\startup_stm32f429xx.s:480: Error: bad instruction `pubweak SPI3_IRQHandler'
..\startup_stm32f429xx.s:481: Error: bad instruction `section .text:CODE:REORDER:NOROOT(1)'
..\startup_stm32f429xx.s:482: Error: bad instruction `spi3_irqhandler'
..\startup_stm32f429xx.s:485: Error: bad instruction `pubweak UART4_IRQHandler'
..\startup_stm32f429xx.s:486: Error: bad instruction `section .text:CODE:REORDER:NOROOT(1)'
..\startup_stm32f429xx.s:487: Error: bad instruction `uart4_irqhandler'
..\startup_stm32f429xx.s:490: Error: bad instruction `pubweak UART5_IRQHandler'
..\startup_stm32f429xx.s:491: Error: bad instruction `section .text:CODE:REORDER:NOROOT(1)'
..\startup_stm32f429xx.s:492: Error: bad instruction `uart5_irqhandler'
..\startup_stm32f429xx.s:495: Error: bad instruction `pubweak TIM6_DAC_IRQHandler'
..\startup_stm32f429xx.s:496: Error: bad instruction `section .text:CODE:REORDER:NOROOT(1)'
..\startup_stm32f429xx.s:497: Error: bad instruction `tim6_dac_irqhandler'
..\startup_stm32f429xx.s:500: Error: bad instruction `pubweak TIM7_IRQHandler'
..\startup_stm32f429xx.s:501: Error: bad instruction `section .text:CODE:REORDER:NOROOT(1)'
..\startup_stm32f429xx.s:502: Error: bad instruction `tim7_irqhandler'
..\startup_stm32f429xx.s:505: Error: bad instruction `pubweak DMA2_Stream0_IRQHandler'
..\startup_stm32f429xx.s:506: Error: bad instruction `section .text:CODE:REORDER:NOROOT(1)'
..\startup_stm32f429xx.s:507: Error: bad instruction `dma2_stream0_irqhandler'
..\startup_stm32f429xx.s:510: Error: bad instruction `pubweak DMA2_Stream1_IRQHandler'
..\startup_stm32f429xx.s:511: Error: bad instruction `section .text:CODE:REORDER:NOROOT(1)'
..\startup_stm32f429xx.s:512: Error: bad instruction `dma2_stream1_irqhandler'
..\startup_stm32f429xx.s:515: Error: bad instruction `pubweak DMA2_Stream2_IRQHandler'
..\startup_stm32f429xx.s:516: Error: bad instruction `section .text:CODE:REORDER:NOROOT(1)'
..\startup_stm32f429xx.s:517: Error: bad instruction `dma2_stream2_irqhandler'
..\startup_stm32f429xx.s:520: Error: bad instruction `pubweak DMA2_Stream3_IRQHandler'
..\startup_stm32f429xx.s:521: Error: bad instruction `section .text:CODE:REORDER:NOROOT(1)'
..\startup_stm32f429xx.s:522: Error: bad instruction `dma2_stream3_irqhandler'
..\startup_stm32f429xx.s:525: Error: bad instruction `pubweak DMA2_Stream4_IRQHandler'
..\startup_stm32f429xx.s:526: Error: bad instruction `section .text:CODE:REORDER:NOROOT(1)'
..\startup_stm32f429xx.s:527: Error: bad instruction `dma2_stream4_irqhandler'
..\startup_stm32f429xx.s:530: Error: bad instruction `pubweak ETH_IRQHandler'
..\startup_stm32f429xx.s:531: Error: bad instruction `section .text:CODE:REORDER:NOROOT(1)'
..\startup_stm32f429xx.s:532: Error: bad instruction `eth_irqhandler'
..\startup_stm32f429xx.s:535: Error: bad instruction `pubweak ETH_WKUP_IRQHandler'
..\startup_stm32f429xx.s:536: Error: bad instruction `section .text:CODE:REORDER:NOROOT(1)'
..\startup_stm32f429xx.s:537: Error: bad instruction `eth_wkup_irqhandler'
..\startup_stm32f429xx.s:540: Error: bad instruction `pubweak CAN2_TX_IRQHandler'
..\startup_stm32f429xx.s:541: Error: bad instruction `section .text:CODE:REORDER:NOROOT(1)'
..\startup_stm32f429xx.s:542: Error: bad instruction `can2_tx_irqhandler'
..\startup_stm32f429xx.s:545: Error: bad instruction `pubweak CAN2_RX0_IRQHandler'
..\startup_stm32f429xx.s:546: Error: bad instruction `section .text:CODE:REORDER:NOROOT(1)'
..\startup_stm32f429xx.s:547: Error: bad instruction `can2_rx0_irqhandler'
..\startup_stm32f429xx.s:550: Error: bad instruction `pubweak CAN2_RX1_IRQHandler'
..\startup_stm32f429xx.s:551: Error: bad instruction `section .text:CODE:REORDER:NOROOT(1)'
..\startup_stm32f429xx.s:552: Error: bad instruction `can2_rx1_irqhandler'
..\startup_stm32f429xx.s:555: Error: bad instruction `pubweak CAN2_SCE_IRQHandler'
..\startup_stm32f429xx.s:556: Error: bad instruction `section .text:CODE:REORDER:NOROOT(1)'
..\startup_stm32f429xx.s:557: Error: bad instruction `can2_sce_irqhandler'
..\startup_stm32f429xx.s:560: Error: bad instruction `pubweak OTG_FS_IRQHandler'
..\startup_stm32f429xx.s:561: Error: bad instruction `section .text:CODE:REORDER:NOROOT(1)'
..\startup_stm32f429xx.s:562: Error: bad instruction `otg_fs_irqhandler'
..\startup_stm32f429xx.s:565: Error: bad instruction `pubweak DMA2_Stream5_IRQHandler'
..\startup_stm32f429xx.s:566: Error: bad instruction `section .text:CODE:REORDER:NOROOT(1)'
..\startup_stm32f429xx.s:567: Error: bad instruction `dma2_stream5_irqhandler'
..\startup_stm32f429xx.s:570: Error: bad instruction `pubweak DMA2_Stream6_IRQHandler'
..\startup_stm32f429xx.s:571: Error: bad instruction `section .text:CODE:REORDER:NOROOT(1)'
..\startup_stm32f429xx.s:572: Error: bad instruction `dma2_stream6_irqhandler'
..\startup_stm32f429xx.s:575: Error: bad instruction `pubweak DMA2_Stream7_IRQHandler'
..\startup_stm32f429xx.s:576: Error: bad instruction `section .text:CODE:REORDER:NOROOT(1)'
..\startup_stm32f429xx.s:577: Error: bad instruction `dma2_stream7_irqhandler'
..\startup_stm32f429xx.s:580: Error: bad instruction `pubweak USART6_IRQHandler'
..\startup_stm32f429xx.s:581: Error: bad instruction `section .text:CODE:REORDER:NOROOT(1)'
..\startup_stm32f429xx.s:582: Error: bad instruction `usart6_irqhandler'
..\startup_stm32f429xx.s:585: Error: bad instruction `pubweak I2C3_EV_IRQHandler'
..\startup_stm32f429xx.s:586: Error: bad instruction `section .text:CODE:REORDER:NOROOT(1)'
..\startup_stm32f429xx.s:587: Error: bad instruction `i2c3_ev_irqhandler'
..\startup_stm32f429xx.s:590: Error: bad instruction `pubweak I2C3_ER_IRQHandler'
..\startup_stm32f429xx.s:591: Error: bad instruction `section .text:CODE:REORDER:NOROOT(1)'
..\startup_stm32f429xx.s:592: Error: bad instruction `i2c3_er_irqhandler'
..\startup_stm32f429xx.s:595: Error: bad instruction `pubweak OTG_HS_EP1_OUT_IRQHandler'
..\startup_stm32f429xx.s:596: Error: bad instruction `section .text:CODE:REORDER:NOROOT(1)'
..\startup_stm32f429xx.s:597: Error: bad instruction `otg_hs_ep1_out_irqhandler'
..\startup_stm32f429xx.s:600: Error: bad instruction `pubweak OTG_HS_EP1_IN_IRQHandler'
..\startup_stm32f429xx.s:601: Error: bad instruction `section .text:CODE:REORDER:NOROOT(1)'
..\startup_stm32f429xx.s:602: Error: bad instruction `otg_hs_ep1_in_irqhandler'
..\startup_stm32f429xx.s:605: Error: bad instruction `pubweak OTG_HS_WKUP_IRQHandler'
..\startup_stm32f429xx.s:606: Error: bad instruction `section .text:CODE:REORDER:NOROOT(1)'
..\startup_stm32f429xx.s:607: Error: bad instruction `otg_hs_wkup_irqhandler'
..\startup_stm32f429xx.s:610: Error: bad instruction `pubweak OTG_HS_IRQHandler'
..\startup_stm32f429xx.s:611: Error: bad instruction `section .text:CODE:REORDER:NOROOT(1)'
..\startup_stm32f429xx.s:612: Error: bad instruction `otg_hs_irqhandler'
..\startup_stm32f429xx.s:615: Error: bad instruction `pubweak DCMI_IRQHandler'
..\startup_stm32f429xx.s:616: Error: bad instruction `section .text:CODE:REORDER:NOROOT(1)'
..\startup_stm32f429xx.s:617: Error: bad instruction `dcmi_irqhandler'
..\startup_stm32f429xx.s:620: Error: bad instruction `pubweak HASH_RNG_IRQHandler'
..\startup_stm32f429xx.s:621: Error: bad instruction `section .text:CODE:REORDER:NOROOT(1)'
..\startup_stm32f429xx.s:622: Error: bad instruction `hash_rng_irqhandler'
..\startup_stm32f429xx.s:625: Error: bad instruction `pubweak FPU_IRQHandler'
..\startup_stm32f429xx.s:626: Error: bad instruction `section .text:CODE:REORDER:NOROOT(1)'
..\startup_stm32f429xx.s:627: Error: bad instruction `fpu_irqhandler'
..\startup_stm32f429xx.s:630: Error: bad instruction `pubweak UART7_IRQHandler'
..\startup_stm32f429xx.s:631: Error: bad instruction `section .text:CODE:REORDER:NOROOT(1)'
..\startup_stm32f429xx.s:632: Error: bad instruction `uart7_irqhandler'
..\startup_stm32f429xx.s:635: Error: bad instruction `pubweak UART8_IRQHandler'
..\startup_stm32f429xx.s:636: Error: bad instruction `section .text:CODE:REORDER:NOROOT(1)'
..\startup_stm32f429xx.s:637: Error: bad instruction `uart8_irqhandler'
..\startup_stm32f429xx.s:640: Error: bad instruction `pubweak SPI4_IRQHandler'
..\startup_stm32f429xx.s:641: Error: bad instruction `section .text:CODE:REORDER:NOROOT(1)'
..\startup_stm32f429xx.s:642: Error: bad instruction `spi4_irqhandler'
..\startup_stm32f429xx.s:645: Error: bad instruction `pubweak SPI5_IRQHandler'
..\startup_stm32f429xx.s:646: Error: bad instruction `section .text:CODE:REORDER:NOROOT(1)'
..\startup_stm32f429xx.s:647: Error: bad instruction `spi5_irqhandler'
..\startup_stm32f429xx.s:650: Error: bad instruction `pubweak SPI6_IRQHandler'
..\startup_stm32f429xx.s:651: Error: bad instruction `section .text:CODE:REORDER:NOROOT(1)'
..\startup_stm32f429xx.s:652: Error: bad instruction `spi6_irqhandler'
..\startup_stm32f429xx.s:655: Error: bad instruction `pubweak SAI1_IRQHandler'
..\startup_stm32f429xx.s:656: Error: bad instruction `section .text:CODE:REORDER:NOROOT(1)'
..\startup_stm32f429xx.s:657: Error: bad instruction `sai1_irqhandler'
..\startup_stm32f429xx.s:660: Error: bad instruction `pubweak LTDC_IRQHandler'
..\startup_stm32f429xx.s:661: Error: bad instruction `section .text:CODE:REORDER:NOROOT(1)'
..\startup_stm32f429xx.s:662: Error: bad instruction `ltdc_irqhandler'
..\startup_stm32f429xx.s:665: Error: bad instruction `pubweak LTDC_ER_IRQHandler'
..\startup_stm32f429xx.s:666: Error: bad instruction `section .text:CODE:REORDER:NOROOT(1)'
..\startup_stm32f429xx.s:667: Error: bad instruction `ltdc_er_irqhandler'
..\startup_stm32f429xx.s:670: Error: bad instruction `pubweak DMA2D_IRQHandler'
..\startup_stm32f429xx.s:671: Error: bad instruction `section .text:CODE:REORDER:NOROOT(1)'
..\startup_stm32f429xx.s:672: Error: bad instruction `dma2d_irqhandler'
..\startup_stm32f429xx.s:676: Error: bad instruction `end'

02:33:56 Build Finished (took 4s.973ms)

